android/app/property(org.gradle.api.file.Directory, fixed(class org.gradle.api.internal.file.DefaultFilePropertyFactory$FixedDirectory, /home/rafsan/Downloads/reseller_webview/build))/app/intermediates/manifest_merge_blame_file/debug/manifest-merger-blame-debug-report.txt
1<?xml version="1.0" encoding="utf-8"?>
2<manifest xmlns:android="http://schemas.android.com/apk/res/android"
3    package="com.example.reseller_webview"
4    android:versionCode="1"
5    android:versionName="1.0.0" >
6
7    <uses-sdk
8        android:minSdkVersion="21"
9        android:targetSdkVersion="34" />
10    <!--
11         The INTERNET permission is required for development. Specifically,
12         the Flutter tool needs it to communicate with the running application
13         to allow setting breakpoints, to provide hot reload, etc.
14    -->
15    <uses-permission android:name="android.permission.INTERNET" />
15-->src/main/AndroidManifest.xml:9:5-66
15-->src/main/AndroidManifest.xml:9:22-64
16    <!-- Required Permissions -->
17    <uses-permission android:name="android.permission.READ_EXTERNAL_STORAGE" />
17-->src/main/AndroidManifest.xml:3:1-76
17-->src/main/AndroidManifest.xml:3:18-73
18    <uses-permission android:name="android.permission.WRITE_EXTERNAL_STORAGE" />
18-->src/main/AndroidManifest.xml:4:1-77
18-->src/main/AndroidManifest.xml:4:18-74
19    <uses-permission android:name="android.permission.MANAGE_DOCUMENTS" />
19-->src/main/AndroidManifest.xml:5:1-71
19-->src/main/AndroidManifest.xml:5:18-68
20    <uses-permission android:name="android.permission.MANAGE_EXTERNAL_STORAGE" />
20-->src/main/AndroidManifest.xml:6:1-78
20-->src/main/AndroidManifest.xml:6:18-75
21    <uses-permission android:name="android.permission.MEDIA_CONTENT_CONTROL" /> <!-- Package visibility for Android 11+ -->
21-->src/main/AndroidManifest.xml:7:1-76
21-->src/main/AndroidManifest.xml:7:18-73
22    <queries>
22-->src/main/AndroidManifest.xml:59:5-64:15
23        <intent>
23-->src/main/AndroidManifest.xml:60:9-63:18
24            <action android:name="android.intent.action.PROCESS_TEXT" />
24-->src/main/AndroidManifest.xml:61:13-73
24-->src/main/AndroidManifest.xml:61:21-70
25
26            <data android:mimeType="text/plain" />
26-->src/main/AndroidManifest.xml:62:13-51
26-->src/main/AndroidManifest.xml:62:19-48
27        </intent>
28        <intent>
28-->[:flutter_downloader] AndroidManifest.xml:9:9-11:18
29            <action android:name="android.intent.action.VIEW" />
29-->[:flutter_downloader] AndroidManifest.xml:10:13-65
29-->[:flutter_downloader] AndroidManifest.xml:10:21-62
30        </intent>
31        <intent>
31-->[:flutter_inappwebview_android] AndroidManifest.xml:8:9-10:18
32            <action android:name="android.support.customtabs.action.CustomTabsService" />
32-->[:flutter_inappwebview_android] AndroidManifest.xml:9:13-90
32-->[:flutter_inappwebview_android] AndroidManifest.xml:9:21-87
33        </intent>
34    </queries>
35
36    <uses-permission android:name="android.permission.ACCESS_NETWORK_STATE" />
36-->[:connectivity_plus] AndroidManifest.xml:7:5-79
36-->[:connectivity_plus] AndroidManifest.xml:7:22-76
37    <uses-permission android:name="android.permission.POST_NOTIFICATIONS" />
37-->[:flutter_downloader] AndroidManifest.xml:14:5-77
37-->[:flutter_downloader] AndroidManifest.xml:14:22-74
38    <uses-permission android:name="android.permission.WAKE_LOCK" />
38-->[androidx.work:work-runtime:2.9.0] AndroidManifest.xml:23:5-68
38-->[androidx.work:work-runtime:2.9.0] AndroidManifest.xml:23:22-65
39    <uses-permission android:name="android.permission.RECEIVE_BOOT_COMPLETED" />
39-->[androidx.work:work-runtime:2.9.0] AndroidManifest.xml:25:5-81
39-->[androidx.work:work-runtime:2.9.0] AndroidManifest.xml:25:22-78
40    <uses-permission android:name="android.permission.FOREGROUND_SERVICE" />
40-->[androidx.work:work-runtime:2.9.0] AndroidManifest.xml:26:5-77
40-->[androidx.work:work-runtime:2.9.0] AndroidManifest.xml:26:22-74
41
42    <permission
42-->[androidx.core:core:1.13.1] AndroidManifest.xml:22:5-24:47
43        android:name="com.example.reseller_webview.DYNAMIC_RECEIVER_NOT_EXPORTED_PERMISSION"
43-->[androidx.core:core:1.13.1] AndroidManifest.xml:23:9-81
44        android:protectionLevel="signature" />
44-->[androidx.core:core:1.13.1] AndroidManifest.xml:24:9-44
45
46    <uses-permission android:name="com.example.reseller_webview.DYNAMIC_RECEIVER_NOT_EXPORTED_PERMISSION" />
46-->[androidx.core:core:1.13.1] AndroidManifest.xml:26:5-97
46-->[androidx.core:core:1.13.1] AndroidManifest.xml:26:22-94
47
48    <application
49        android:name="android.app.Application"
50        android:appComponentFactory="androidx.core.app.CoreComponentFactory"
50-->[androidx.core:core:1.13.1] AndroidManifest.xml:28:18-86
51        android:debuggable="true"
52        android:extractNativeLibs="true"
53        android:icon="@mipmap/ic_launcher"
54        android:label="Confidence Reseller BD"
55        android:requestLegacyExternalStorage="true"
56        android:usesCleartextTraffic="true" > <!-- Allows HTTP traffic if required -->
57
58
59        <!-- Flutter Main Activity -->
60        <activity
61            android:name="com.example.reseller_webview.MainActivity"
62            android:configChanges="orientation|keyboardHidden|keyboard|screenSize|smallestScreenSize|locale|layoutDirection|fontScale|screenLayout|density|uiMode"
63            android:exported="true"
64            android:hardwareAccelerated="true"
65            android:launchMode="singleTop"
66            android:taskAffinity=""
67            android:theme="@style/LaunchTheme"
68            android:windowSoftInputMode="adjustResize" >
69
70            <!-- Theme for Flutter Embedding -->
71            <meta-data
72                android:name="io.flutter.embedding.android.NormalTheme"
73                android:resource="@style/NormalTheme" />
74
75            <!-- Main Intent Filter -->
76            <intent-filter>
77                <action android:name="android.intent.action.MAIN" />
78
79                <category android:name="android.intent.category.LAUNCHER" />
80            </intent-filter>
81        </activity>
82
83        <!-- Provider for Flutter Downloader -->
84        <provider
85            android:name="vn.hunghd.flutterdownloader.DownloadedFileProvider"
86            android:authorities="com.example.reseller_webview.flutter_downloader.provider"
87            android:exported="false"
88            android:grantUriPermissions="true" >
89            <meta-data
89-->[:open_file_android] AndroidManifest.xml:16:13-18:53
90                android:name="android.support.FILE_PROVIDER_PATHS"
90-->[:open_file_android] AndroidManifest.xml:17:17-67
91                android:resource="@xml/provider_paths" />
91-->[:open_file_android] AndroidManifest.xml:18:17-50
92        </provider>
93
94        <!-- Meta-data required by Flutter -->
95        <meta-data
96            android:name="flutterEmbedding"
97            android:value="2" />
98
99        <activity
99-->[:flutter_inappwebview_android] AndroidManifest.xml:14:9-18:47
100            android:name="com.pichillilorenzo.flutter_inappwebview_android.in_app_browser.InAppBrowserActivity"
100-->[:flutter_inappwebview_android] AndroidManifest.xml:15:13-112
101            android:configChanges="orientation|keyboardHidden|keyboard|screenSize|locale|layoutDirection|fontScale|screenLayout|density"
101-->[:flutter_inappwebview_android] AndroidManifest.xml:16:13-137
102            android:exported="false"
102-->[:flutter_inappwebview_android] AndroidManifest.xml:17:13-37
103            android:theme="@style/AppTheme" />
103-->[:flutter_inappwebview_android] AndroidManifest.xml:18:13-44
104        <activity
104-->[:flutter_inappwebview_android] AndroidManifest.xml:19:9-22:55
105            android:name="com.pichillilorenzo.flutter_inappwebview_android.chrome_custom_tabs.ChromeCustomTabsActivity"
105-->[:flutter_inappwebview_android] AndroidManifest.xml:20:13-120
106            android:exported="false"
106-->[:flutter_inappwebview_android] AndroidManifest.xml:21:13-37
107            android:theme="@style/ThemeTransparent" />
107-->[:flutter_inappwebview_android] AndroidManifest.xml:22:13-52
108        <activity
108-->[:flutter_inappwebview_android] AndroidManifest.xml:23:9-26:55
109            android:name="com.pichillilorenzo.flutter_inappwebview_android.chrome_custom_tabs.TrustedWebActivity"
109-->[:flutter_inappwebview_android] AndroidManifest.xml:24:13-114
110            android:exported="false"
110-->[:flutter_inappwebview_android] AndroidManifest.xml:25:13-37
111            android:theme="@style/ThemeTransparent" />
111-->[:flutter_inappwebview_android] AndroidManifest.xml:26:13-52
112        <activity
112-->[:flutter_inappwebview_android] AndroidManifest.xml:27:9-31:55
113            android:name="com.pichillilorenzo.flutter_inappwebview_android.chrome_custom_tabs.ChromeCustomTabsActivitySingleInstance"
113-->[:flutter_inappwebview_android] AndroidManifest.xml:28:13-134
114            android:exported="false"
114-->[:flutter_inappwebview_android] AndroidManifest.xml:29:13-37
115            android:launchMode="singleInstance"
115-->[:flutter_inappwebview_android] AndroidManifest.xml:30:13-48
116            android:theme="@style/ThemeTransparent" />
116-->[:flutter_inappwebview_android] AndroidManifest.xml:31:13-52
117        <activity
117-->[:flutter_inappwebview_android] AndroidManifest.xml:32:9-36:55
118            android:name="com.pichillilorenzo.flutter_inappwebview_android.chrome_custom_tabs.TrustedWebActivitySingleInstance"
118-->[:flutter_inappwebview_android] AndroidManifest.xml:33:13-128
119            android:exported="false"
119-->[:flutter_inappwebview_android] AndroidManifest.xml:34:13-37
120            android:launchMode="singleInstance"
120-->[:flutter_inappwebview_android] AndroidManifest.xml:35:13-48
121            android:theme="@style/ThemeTransparent" />
121-->[:flutter_inappwebview_android] AndroidManifest.xml:36:13-52
122
123        <receiver
123-->[:flutter_inappwebview_android] AndroidManifest.xml:38:9-41:40
124            android:name="com.pichillilorenzo.flutter_inappwebview_android.chrome_custom_tabs.ActionBroadcastReceiver"
124-->[:flutter_inappwebview_android] AndroidManifest.xml:39:13-119
125            android:enabled="true"
125-->[:flutter_inappwebview_android] AndroidManifest.xml:40:13-35
126            android:exported="false" />
126-->[:flutter_inappwebview_android] AndroidManifest.xml:41:13-37
127
128        <meta-data
128-->[:flutter_inappwebview_android] AndroidManifest.xml:43:9-45:36
129            android:name="io.flutter.embedded_views_preview"
129-->[:flutter_inappwebview_android] AndroidManifest.xml:44:13-61
130            android:value="true" />
130-->[:flutter_inappwebview_android] AndroidManifest.xml:45:13-33
131
132        <provider
132-->[:open_file_android] AndroidManifest.xml:9:9-19:20
133            android:name="com.crazecoder.openfile.FileProvider"
133-->[:open_file_android] AndroidManifest.xml:10:13-64
134            android:authorities="com.example.reseller_webview.fileProvider.com.crazecoder.openfile"
134-->[:open_file_android] AndroidManifest.xml:11:13-88
135            android:exported="false"
135-->[:open_file_android] AndroidManifest.xml:12:13-37
136            android:grantUriPermissions="true"
136-->[:open_file_android] AndroidManifest.xml:13:13-47
137            android:requestLegacyExternalStorage="true" >
137-->[:open_file_android] AndroidManifest.xml:14:13-56
138            <meta-data
138-->[:open_file_android] AndroidManifest.xml:16:13-18:53
139                android:name="android.support.FILE_PROVIDER_PATHS"
139-->[:open_file_android] AndroidManifest.xml:17:17-67
140                android:resource="@xml/filepaths" />
140-->[:open_file_android] AndroidManifest.xml:18:17-50
141        </provider>
142        <provider
142-->[androidx.work:work-runtime:2.9.0] AndroidManifest.xml:29:9-37:20
143            android:name="androidx.startup.InitializationProvider"
143-->[androidx.work:work-runtime:2.9.0] AndroidManifest.xml:30:13-67
144            android:authorities="com.example.reseller_webview.androidx-startup"
144-->[androidx.work:work-runtime:2.9.0] AndroidManifest.xml:31:13-68
145            android:exported="false" >
145-->[androidx.work:work-runtime:2.9.0] AndroidManifest.xml:32:13-37
146            <meta-data
146-->[androidx.work:work-runtime:2.9.0] AndroidManifest.xml:34:13-36:52
147                android:name="androidx.work.WorkManagerInitializer"
147-->[androidx.work:work-runtime:2.9.0] AndroidManifest.xml:35:17-68
148                android:value="androidx.startup" />
148-->[androidx.work:work-runtime:2.9.0] AndroidManifest.xml:36:17-49
149            <meta-data
149-->[androidx.emoji2:emoji2:1.2.0] AndroidManifest.xml:29:13-31:52
150                android:name="androidx.emoji2.text.EmojiCompatInitializer"
150-->[androidx.emoji2:emoji2:1.2.0] AndroidManifest.xml:30:17-75
151                android:value="androidx.startup" />
151-->[androidx.emoji2:emoji2:1.2.0] AndroidManifest.xml:31:17-49
152            <meta-data
152-->[androidx.lifecycle:lifecycle-process:2.7.0] AndroidManifest.xml:29:13-31:52
153                android:name="androidx.lifecycle.ProcessLifecycleInitializer"
153-->[androidx.lifecycle:lifecycle-process:2.7.0] AndroidManifest.xml:30:17-78
154                android:value="androidx.startup" />
154-->[androidx.lifecycle:lifecycle-process:2.7.0] AndroidManifest.xml:31:17-49
155            <meta-data
155-->[androidx.profileinstaller:profileinstaller:1.3.1] AndroidManifest.xml:29:13-31:52
156                android:name="androidx.profileinstaller.ProfileInstallerInitializer"
156-->[androidx.profileinstaller:profileinstaller:1.3.1] AndroidManifest.xml:30:17-85
157                android:value="androidx.startup" />
157-->[androidx.profileinstaller:profileinstaller:1.3.1] AndroidManifest.xml:31:17-49
158        </provider>
159
160        <service
160-->[androidx.work:work-runtime:2.9.0] AndroidManifest.xml:39:9-45:35
161            android:name="androidx.work.impl.background.systemalarm.SystemAlarmService"
161-->[androidx.work:work-runtime:2.9.0] AndroidManifest.xml:40:13-88
162            android:directBootAware="false"
162-->[androidx.work:work-runtime:2.9.0] AndroidManifest.xml:41:13-44
163            android:enabled="@bool/enable_system_alarm_service_default"
163-->[androidx.work:work-runtime:2.9.0] AndroidManifest.xml:42:13-72
164            android:exported="false" />
164-->[androidx.work:work-runtime:2.9.0] AndroidManifest.xml:43:13-37
165        <service
165-->[androidx.work:work-runtime:2.9.0] AndroidManifest.xml:46:9-52:35
166            android:name="androidx.work.impl.background.systemjob.SystemJobService"
166-->[androidx.work:work-runtime:2.9.0] AndroidManifest.xml:47:13-84
167            android:directBootAware="false"
167-->[androidx.work:work-runtime:2.9.0] AndroidManifest.xml:48:13-44
168            android:enabled="@bool/enable_system_job_service_default"
168-->[androidx.work:work-runtime:2.9.0] AndroidManifest.xml:49:13-70
169            android:exported="true"
169-->[androidx.work:work-runtime:2.9.0] AndroidManifest.xml:50:13-36
170            android:permission="android.permission.BIND_JOB_SERVICE" />
170-->[androidx.work:work-runtime:2.9.0] AndroidManifest.xml:51:13-69
171        <service
171-->[androidx.work:work-runtime:2.9.0] AndroidManifest.xml:53:9-59:35
172            android:name="androidx.work.impl.foreground.SystemForegroundService"
172-->[androidx.work:work-runtime:2.9.0] AndroidManifest.xml:54:13-81
173            android:directBootAware="false"
173-->[androidx.work:work-runtime:2.9.0] AndroidManifest.xml:55:13-44
174            android:enabled="@bool/enable_system_foreground_service_default"
174-->[androidx.work:work-runtime:2.9.0] AndroidManifest.xml:56:13-77
175            android:exported="false" />
175-->[androidx.work:work-runtime:2.9.0] AndroidManifest.xml:57:13-37
176
177        <receiver
177-->[androidx.work:work-runtime:2.9.0] AndroidManifest.xml:61:9-66:35
178            android:name="androidx.work.impl.utils.ForceStopRunnable$BroadcastReceiver"
178-->[androidx.work:work-runtime:2.9.0] AndroidManifest.xml:62:13-88
179            android:directBootAware="false"
179-->[androidx.work:work-runtime:2.9.0] AndroidManifest.xml:63:13-44
180            android:enabled="true"
180-->[androidx.work:work-runtime:2.9.0] AndroidManifest.xml:64:13-35
181            android:exported="false" />
181-->[androidx.work:work-runtime:2.9.0] AndroidManifest.xml:65:13-37
182        <receiver
182-->[androidx.work:work-runtime:2.9.0] AndroidManifest.xml:67:9-77:20
183            android:name="androidx.work.impl.background.systemalarm.ConstraintProxy$BatteryChargingProxy"
183-->[androidx.work:work-runtime:2.9.0] AndroidManifest.xml:68:13-106
184            android:directBootAware="false"
184-->[androidx.work:work-runtime:2.9.0] AndroidManifest.xml:69:13-44
185            android:enabled="false"
185-->[androidx.work:work-runtime:2.9.0] AndroidManifest.xml:70:13-36
186            android:exported="false" >
186-->[androidx.work:work-runtime:2.9.0] AndroidManifest.xml:71:13-37
187            <intent-filter>
187-->[androidx.work:work-runtime:2.9.0] AndroidManifest.xml:73:13-76:29
188                <action android:name="android.intent.action.ACTION_POWER_CONNECTED" />
188-->[androidx.work:work-runtime:2.9.0] AndroidManifest.xml:74:17-87
188-->[androidx.work:work-runtime:2.9.0] AndroidManifest.xml:74:25-84
189                <action android:name="android.intent.action.ACTION_POWER_DISCONNECTED" />
189-->[androidx.work:work-runtime:2.9.0] AndroidManifest.xml:75:17-90
189-->[androidx.work:work-runtime:2.9.0] AndroidManifest.xml:75:25-87
190            </intent-filter>
191        </receiver>
192        <receiver
192-->[androidx.work:work-runtime:2.9.0] AndroidManifest.xml:78:9-88:20
193            android:name="androidx.work.impl.background.systemalarm.ConstraintProxy$BatteryNotLowProxy"
193-->[androidx.work:work-runtime:2.9.0] AndroidManifest.xml:79:13-104
194            android:directBootAware="false"
194-->[androidx.work:work-runtime:2.9.0] AndroidManifest.xml:80:13-44
195            android:enabled="false"
195-->[androidx.work:work-runtime:2.9.0] AndroidManifest.xml:81:13-36
196            android:exported="false" >
196-->[androidx.work:work-runtime:2.9.0] AndroidManifest.xml:82:13-37
197            <intent-filter>
197-->[androidx.work:work-runtime:2.9.0] AndroidManifest.xml:84:13-87:29
198                <action android:name="android.intent.action.BATTERY_OKAY" />
198-->[androidx.work:work-runtime:2.9.0] AndroidManifest.xml:85:17-77
198-->[androidx.work:work-runtime:2.9.0] AndroidManifest.xml:85:25-74
199                <action android:name="android.intent.action.BATTERY_LOW" />
199-->[androidx.work:work-runtime:2.9.0] AndroidManifest.xml:86:17-76
199-->[androidx.work:work-runtime:2.9.0] AndroidManifest.xml:86:25-73
200            </intent-filter>
201        </receiver>
202        <receiver
202-->[androidx.work:work-runtime:2.9.0] AndroidManifest.xml:89:9-99:20
203            android:name="androidx.work.impl.background.systemalarm.ConstraintProxy$StorageNotLowProxy"
203-->[androidx.work:work-runtime:2.9.0] AndroidManifest.xml:90:13-104
204            android:directBootAware="false"
204-->[androidx.work:work-runtime:2.9.0] AndroidManifest.xml:91:13-44
205            android:enabled="false"
205-->[androidx.work:work-runtime:2.9.0] AndroidManifest.xml:92:13-36
206            android:exported="false" >
206-->[androidx.work:work-runtime:2.9.0] AndroidManifest.xml:93:13-37
207            <intent-filter>
207-->[androidx.work:work-runtime:2.9.0] AndroidManifest.xml:95:13-98:29
208                <action android:name="android.intent.action.DEVICE_STORAGE_LOW" />
208-->[androidx.work:work-runtime:2.9.0] AndroidManifest.xml:96:17-83
208-->[androidx.work:work-runtime:2.9.0] AndroidManifest.xml:96:25-80
209                <action android:name="android.intent.action.DEVICE_STORAGE_OK" />
209-->[androidx.work:work-runtime:2.9.0] AndroidManifest.xml:97:17-82
209-->[androidx.work:work-runtime:2.9.0] AndroidManifest.xml:97:25-79
210            </intent-filter>
211        </receiver>
212        <receiver
212-->[androidx.work:work-runtime:2.9.0] AndroidManifest.xml:100:9-109:20
213            android:name="androidx.work.impl.background.systemalarm.ConstraintProxy$NetworkStateProxy"
213-->[androidx.work:work-runtime:2.9.0] AndroidManifest.xml:101:13-103
214            android:directBootAware="false"
214-->[androidx.work:work-runtime:2.9.0] AndroidManifest.xml:102:13-44
215            android:enabled="false"
215-->[androidx.work:work-runtime:2.9.0] AndroidManifest.xml:103:13-36
216            android:exported="false" >
216-->[androidx.work:work-runtime:2.9.0] AndroidManifest.xml:104:13-37
217            <intent-filter>
217-->[androidx.work:work-runtime:2.9.0] AndroidManifest.xml:106:13-108:29
218                <action android:name="android.net.conn.CONNECTIVITY_CHANGE" />
218-->[androidx.work:work-runtime:2.9.0] AndroidManifest.xml:107:17-79
218-->[androidx.work:work-runtime:2.9.0] AndroidManifest.xml:107:25-76
219            </intent-filter>
220        </receiver>
221        <receiver
221-->[androidx.work:work-runtime:2.9.0] AndroidManifest.xml:110:9-121:20
222            android:name="androidx.work.impl.background.systemalarm.RescheduleReceiver"
222-->[androidx.work:work-runtime:2.9.0] AndroidManifest.xml:111:13-88
223            android:directBootAware="false"
223-->[androidx.work:work-runtime:2.9.0] AndroidManifest.xml:112:13-44
224            android:enabled="false"
224-->[androidx.work:work-runtime:2.9.0] AndroidManifest.xml:113:13-36
225            android:exported="false" >
225-->[androidx.work:work-runtime:2.9.0] AndroidManifest.xml:114:13-37
226            <intent-filter>
226-->[androidx.work:work-runtime:2.9.0] AndroidManifest.xml:116:13-120:29
227                <action android:name="android.intent.action.BOOT_COMPLETED" />
227-->[androidx.work:work-runtime:2.9.0] AndroidManifest.xml:117:17-79
227-->[androidx.work:work-runtime:2.9.0] AndroidManifest.xml:117:25-76
228                <action android:name="android.intent.action.TIME_SET" />
228-->[androidx.work:work-runtime:2.9.0] AndroidManifest.xml:118:17-73
228-->[androidx.work:work-runtime:2.9.0] AndroidManifest.xml:118:25-70
229                <action android:name="android.intent.action.TIMEZONE_CHANGED" />
229-->[androidx.work:work-runtime:2.9.0] AndroidManifest.xml:119:17-81
229-->[androidx.work:work-runtime:2.9.0] AndroidManifest.xml:119:25-78
230            </intent-filter>
231        </receiver>
232        <receiver
232-->[androidx.work:work-runtime:2.9.0] AndroidManifest.xml:122:9-131:20
233            android:name="androidx.work.impl.background.systemalarm.ConstraintProxyUpdateReceiver"
233-->[androidx.work:work-runtime:2.9.0] AndroidManifest.xml:123:13-99
234            android:directBootAware="false"
234-->[androidx.work:work-runtime:2.9.0] AndroidManifest.xml:124:13-44
235            android:enabled="@bool/enable_system_alarm_service_default"
235-->[androidx.work:work-runtime:2.9.0] AndroidManifest.xml:125:13-72
236            android:exported="false" >
236-->[androidx.work:work-runtime:2.9.0] AndroidManifest.xml:126:13-37
237            <intent-filter>
237-->[androidx.work:work-runtime:2.9.0] AndroidManifest.xml:128:13-130:29
238                <action android:name="androidx.work.impl.background.systemalarm.UpdateProxies" />
238-->[androidx.work:work-runtime:2.9.0] AndroidManifest.xml:129:17-98
238-->[androidx.work:work-runtime:2.9.0] AndroidManifest.xml:129:25-95
239            </intent-filter>
240        </receiver>
241        <receiver
241-->[androidx.work:work-runtime:2.9.0] AndroidManifest.xml:132:9-142:20
242            android:name="androidx.work.impl.diagnostics.DiagnosticsReceiver"
242-->[androidx.work:work-runtime:2.9.0] AndroidManifest.xml:133:13-78
243            android:directBootAware="false"
243-->[androidx.work:work-runtime:2.9.0] AndroidManifest.xml:134:13-44
244            android:enabled="true"
244-->[androidx.work:work-runtime:2.9.0] AndroidManifest.xml:135:13-35
245            android:exported="true"
245-->[androidx.work:work-runtime:2.9.0] AndroidManifest.xml:136:13-36
246            android:permission="android.permission.DUMP" >
246-->[androidx.work:work-runtime:2.9.0] AndroidManifest.xml:137:13-57
247            <intent-filter>
247-->[androidx.work:work-runtime:2.9.0] AndroidManifest.xml:139:13-141:29
248                <action android:name="androidx.work.diagnostics.REQUEST_DIAGNOSTICS" />
248-->[androidx.work:work-runtime:2.9.0] AndroidManifest.xml:140:17-88
248-->[androidx.work:work-runtime:2.9.0] AndroidManifest.xml:140:25-85
249            </intent-filter>
250        </receiver>
251
252        <uses-library
252-->[androidx.window:window:1.2.0] AndroidManifest.xml:23:9-25:40
253            android:name="androidx.window.extensions"
253-->[androidx.window:window:1.2.0] AndroidManifest.xml:24:13-54
254            android:required="false" />
254-->[androidx.window:window:1.2.0] AndroidManifest.xml:25:13-37
255        <uses-library
255-->[androidx.window:window:1.2.0] AndroidManifest.xml:26:9-28:40
256            android:name="androidx.window.sidecar"
256-->[androidx.window:window:1.2.0] AndroidManifest.xml:27:13-51
257            android:required="false" />
257-->[androidx.window:window:1.2.0] AndroidManifest.xml:28:13-37
258
259        <service
259-->[androidx.room:room-runtime:2.5.0] AndroidManifest.xml:24:9-28:63
260            android:name="androidx.room.MultiInstanceInvalidationService"
260-->[androidx.room:room-runtime:2.5.0] AndroidManifest.xml:25:13-74
261            android:directBootAware="true"
261-->[androidx.room:room-runtime:2.5.0] AndroidManifest.xml:26:13-43
262            android:exported="false" />
262-->[androidx.room:room-runtime:2.5.0] AndroidManifest.xml:27:13-37
263
264        <receiver
264-->[androidx.profileinstaller:profileinstaller:1.3.1] AndroidManifest.xml:34:9-52:20
265            android:name="androidx.profileinstaller.ProfileInstallReceiver"
265-->[androidx.profileinstaller:profileinstaller:1.3.1] AndroidManifest.xml:35:13-76
266            android:directBootAware="false"
266-->[androidx.profileinstaller:profileinstaller:1.3.1] AndroidManifest.xml:36:13-44
267            android:enabled="true"
267-->[androidx.profileinstaller:profileinstaller:1.3.1] AndroidManifest.xml:37:13-35
268            android:exported="true"
268-->[androidx.profileinstaller:profileinstaller:1.3.1] AndroidManifest.xml:38:13-36
269            android:permission="android.permission.DUMP" >
269-->[androidx.profileinstaller:profileinstaller:1.3.1] AndroidManifest.xml:39:13-57
270            <intent-filter>
270-->[androidx.profileinstaller:profileinstaller:1.3.1] AndroidManifest.xml:40:13-42:29
271                <action android:name="androidx.profileinstaller.action.INSTALL_PROFILE" />
271-->[androidx.profileinstaller:profileinstaller:1.3.1] AndroidManifest.xml:41:17-91
271-->[androidx.profileinstaller:profileinstaller:1.3.1] AndroidManifest.xml:41:25-88
272            </intent-filter>
273            <intent-filter>
273-->[androidx.profileinstaller:profileinstaller:1.3.1] AndroidManifest.xml:43:13-45:29
274                <action android:name="androidx.profileinstaller.action.SKIP_FILE" />
274-->[androidx.profileinstaller:profileinstaller:1.3.1] AndroidManifest.xml:44:17-85
274-->[androidx.profileinstaller:profileinstaller:1.3.1] AndroidManifest.xml:44:25-82
275            </intent-filter>
276            <intent-filter>
276-->[androidx.profileinstaller:profileinstaller:1.3.1] AndroidManifest.xml:46:13-48:29
277                <action android:name="androidx.profileinstaller.action.SAVE_PROFILE" />
277-->[androidx.profileinstaller:profileinstaller:1.3.1] AndroidManifest.xml:47:17-88
277-->[androidx.profileinstaller:profileinstaller:1.3.1] AndroidManifest.xml:47:25-85
278            </intent-filter>
279            <intent-filter>
279-->[androidx.profileinstaller:profileinstaller:1.3.1] AndroidManifest.xml:49:13-51:29
280                <action android:name="androidx.profileinstaller.action.BENCHMARK_OPERATION" />
280-->[androidx.profileinstaller:profileinstaller:1.3.1] AndroidManifest.xml:50:17-95
280-->[androidx.profileinstaller:profileinstaller:1.3.1] AndroidManifest.xml:50:25-92
281            </intent-filter>
282        </receiver>
283    </application>
284
285</manifest>